  VisualRenderingEngine.cpp
  VREngine.cpp
c:\users\user\documents\visual studio 2015\projects\visualrenderingengine\visualrenderingengine\vrengine.cpp(94): warning C4244: '인수': 'float'에서 'const DWORD'(으)로 변환하면서 데이터가 손실될 수 있습니다.
c:\users\user\documents\visual studio 2015\projects\visualrenderingengine\visualrenderingengine\vrengine.cpp(113): warning C4244: '인수': 'float'에서 'const DWORD'(으)로 변환하면서 데이터가 손실될 수 있습니다.
c:\users\user\documents\visual studio 2015\projects\visualrenderingengine\visualrenderingengine\vrengine.cpp(163): warning C4244: '인수': 'float'에서 'const DWORD'(으)로 변환하면서 데이터가 손실될 수 있습니다.
c:\users\user\documents\visual studio 2015\projects\visualrenderingengine\visualrenderingengine\vrengine.cpp(182): warning C4244: '인수': 'float'에서 'const DWORD'(으)로 변환하면서 데이터가 손실될 수 있습니다.
c:\users\user\documents\visual studio 2015\projects\visualrenderingengine\visualrenderingengine\vrengine.cpp(452): warning C4244: '인수': 'int'에서 'const float'(으)로 변환하면서 데이터가 손실될 수 있습니다.
c:\users\user\documents\visual studio 2015\projects\visualrenderingengine\visualrenderingengine\vrengine.cpp(471): warning C4244: '=': 'const float'에서 'UINT'(으)로 변환하면서 데이터가 손실될 수 있습니다.
c:\users\user\documents\visual studio 2015\projects\visualrenderingengine\visualrenderingengine\vrengine.cpp(472): warning C4244: '=': 'const float'에서 'UINT'(으)로 변환하면서 데이터가 손실될 수 있습니다.
c:\users\user\documents\visual studio 2015\projects\visualrenderingengine\visualrenderingengine\vrengine.cpp(537): warning C4244: '인수': 'const int'에서 'const float'(으)로 변환하면서 데이터가 손실될 수 있습니다.
  MyScene.cpp
c:\users\user\documents\visual studio 2015\projects\visualrenderingengine\visualrenderingengine\myscene.cpp(61): warning C4244: '인수': 'int'에서 'const float'(으)로 변환하면서 데이터가 손실될 수 있습니다.
c:\users\user\documents\visual studio 2015\projects\visualrenderingengine\visualrenderingengine\myscene.cpp(149): warning C4244: '인수': 'int'에서 'const float'(으)로 변환하면서 데이터가 손실될 수 있습니다.
  코드를 생성하고 있습니다...
  컴파일하고 있습니다...
  VerticalInteraceShader.cpp
c:\users\user\documents\visual studio 2015\projects\visualrenderingengine\visualrenderingengine\verticalinteraceshader.cpp(101): warning C4244: '=': 'int'에서 'float'(으)로 변환하면서 데이터가 손실될 수 있습니다.
c:\users\user\documents\visual studio 2015\projects\visualrenderingengine\visualrenderingengine\verticalinteraceshader.cpp(102): warning C4244: '=': 'int'에서 'float'(으)로 변환하면서 데이터가 손실될 수 있습니다.
  Tutorial03Shader.cpp
  Tutorial02Shader.cpp
  Texture.cpp
  TerrainShader.cpp
  TerrainEntity.cpp
c:\users\user\documents\visual studio 2015\projects\visualrenderingengine\visualrenderingengine\terrainentity.cpp(60): warning C4244: '=': 'float'에서 'UINT'(으)로 변환하면서 데이터가 손실될 수 있습니다.
c:\users\user\documents\visual studio 2015\projects\visualrenderingengine\visualrenderingengine\terrainentity.cpp(61): warning C4244: '=': 'float'에서 'UINT'(으)로 변환하면서 데이터가 손실될 수 있습니다.
  TSTerrainShader.cpp
  SkyBoxShader.cpp
  ShaderManager.cpp
  Shader.cpp
  Scene.cpp
  RenderState.cpp
  OffScreenRenderShader.cpp
c:\users\user\documents\visual studio 2015\projects\visualrenderingengine\visualrenderingengine\offscreenrendershader.cpp(31): warning C4244: '인수': 'int'에서 'const float'(으)로 변환하면서 데이터가 손실될 수 있습니다.
  Material.cpp
  LigtingExamShader.cpp
  LightManager.cpp
  HorizontalInteraceShader.cpp
c:\users\user\documents\visual studio 2015\projects\visualrenderingengine\visualrenderingengine\horizontalinteraceshader.cpp(100): warning C4244: '=': 'int'에서 'float'(으)로 변환하면서 데이터가 손실될 수 있습니다.
c:\users\user\documents\visual studio 2015\projects\visualrenderingengine\visualrenderingengine\horizontalinteraceshader.cpp(101): warning C4244: '=': 'int'에서 'float'(으)로 변환하면서 데이터가 손실될 수 있습니다.
  GameTimer.cpp
c:\users\user\documents\visual studio 2015\projects\visualrenderingengine\visualrenderingengine\gametimer.cpp(153): warning C4244: 'return': 'int'에서 'float'(으)로 변환하면서 데이터가 손실될 수 있습니다.
  Entity.cpp
  CubeMesh.cpp
c:\users\user\documents\visual studio 2015\projects\visualrenderingengine\visualrenderingengine\cubemesh.cpp(58): warning C4018: '<': signed 또는 unsigned가 일치하지 않습니다.
c:\users\user\documents\visual studio 2015\projects\visualrenderingengine\visualrenderingengine\cubemesh.cpp(257): warning C4018: '<': signed 또는 unsigned가 일치하지 않습니다.
  코드를 생성하고 있습니다...
c:\users\user\documents\visual studio 2015\projects\visualrenderingengine\visualrenderingengine\shadermanager.cpp(145): warning C4715: 'CShaderManager::CreateHullShaderFromFile': 모든 제어 경로에서 값을 반환하지는 않습니다.
c:\users\user\documents\visual studio 2015\projects\visualrenderingengine\visualrenderingengine\shadermanager.cpp(180): warning C4715: 'CShaderManager::CreateDomainShaderFromFile': 모든 제어 경로에서 값을 반환하지는 않습니다.
c:\users\user\documents\visual studio 2015\projects\visualrenderingengine\visualrenderingengine\shadermanager.cpp(215): warning C4715: 'CShaderManager::CreateComputeShaderFromFile': 모든 제어 경로에서 값을 반환하지는 않습니다.
  컴파일하고 있습니다...
  CubeEntity.cpp
  Camera.cpp
c:\users\user\documents\visual studio 2015\projects\visualrenderingengine\visualrenderingengine\camera.cpp(158): warning C4244: '=': 'const DWORD'에서 'FLOAT'(으)로 변환하면서 데이터가 손실될 수 있습니다.
c:\users\user\documents\visual studio 2015\projects\visualrenderingengine\visualrenderingengine\camera.cpp(159): warning C4244: '=': 'const DWORD'에서 'FLOAT'(으)로 변환하면서 데이터가 손실될 수 있습니다.
c:\users\user\documents\visual studio 2015\projects\visualrenderingengine\visualrenderingengine\camera.cpp(160): warning C4244: '=': 'const DWORD'에서 'FLOAT'(으)로 변환하면서 데이터가 손실될 수 있습니다.
c:\users\user\documents\visual studio 2015\projects\visualrenderingengine\visualrenderingengine\camera.cpp(161): warning C4244: '=': 'const DWORD'에서 'FLOAT'(으)로 변환하면서 데이터가 손실될 수 있습니다.
  코드를 생성하고 있습니다...
  SkyBoxEntity.cpp
  VisualRenderingEngine.vcxproj -> C:\Users\user\Documents\Visual Studio 2015\Projects\VisualRenderingEngine\Debug\VisualRenderingEngine.exe
  VisualRenderingEngine.vcxproj -> C:\Users\user\Documents\Visual Studio 2015\Projects\VisualRenderingEngine\Debug\VisualRenderingEngine.pdb (Full PDB)
